<?xml version="1.0" encoding="UTF-8"?>
<beans xmlns="http://www.springframework.org/schema/beans"
	xmlns:context="http://www.springframework.org/schema/context"
	xmlns:xsi="http://www.w3.org/2001/XMLSchema-instance" xmlns:tx="http://www.springframework.org/schema/tx"
	xmlns:aop="http://www.springframework.org/schema/aop"
	xsi:schemaLocation="
 http://www.springframework.org/schema/beans http://www.springframework.org/schema/beans/spring-beans-4.0.xsd http://www.springframework.org/schema/context http://www.springframework.org/schema/context/spring-context-4.0.xsd http://www.springframework.org/schema/tx http://www.springframework.org/schema/tx/spring-tx.xsd http://www.springframework.org/schema/aop http://www.springframework.org/schema/aop/spring-aop-3.1.xsd">


	<bean id="jndii" class="com.mchange.v2.c3p0.ComboPooledDataSource">
		<property name="driverClass" value="${db.driver}" />
		<property name="jdbcUrl" value="${db.url}" />
		<property name="user" value="${db.user}" />
		<property name="password" value="${db.password}" />

		<property name="minPoolSize" value="5" />
		<property name="maxPoolSize" value="20" />
		<property name="maxStatements" value="0" />
		<property name="maxIdleTime" value="5000" />
		<property name="testConnectionOnCheckout" value="true" />

		<property name="idleConnectionTestPeriod" value="3000" />
		<property name="loginTimeout" value="5000" />
	</bean>
	
</beans>